<?xml version="1.0" encoding="UTF-8"?>
<!-- Generated by org.testng.reporters.JUnitXMLReporter -->
<testsuite ignored="0" hostname="DESKTOP-FMKHIRB" failures="0" tests="3" name="Default test" time="14.698" errors="0" timestamp="2022-10-08T18:01:13 EET">
  <testcase classname="MahmoudHatem.taskonePostiveTest" name="testTaskOnePostive" time="5.734"/>
  <testcase classname="MahmoudHatem.taskonePostiveTest" name="testTaskOnePostive" time="2.481"/>
  <testcase classname="MahmoudHatem.taskonePostiveTest" name="testTaskOnePostive" time="1.715"/>
</testsuite> <!-- Default test -->
